[12/Jul/2018 16:19:05] "GET /gorgeous/ HTTP/1.0" 302 0
[12/Jul/2018 16:19:05] "GET /gorgeous/login/?next=/gorgeous/ HTTP/1.0" 200 3055
[12/Jul/2018 16:19:13] "POST /gorgeous/login/?next= HTTP/1.0" 302 0
[12/Jul/2018 16:19:13] "GET /gorgeous/ HTTP/1.0" 200 27563
[12/Jul/2018 16:19:15] "GET /gorgeous/servicelist/ HTTP/1.0" 200 456183
[12/Jul/2018 16:19:17] "GET /gorgeous/eth/ HTTP/1.0" 200 14815
[12/Jul/2018 16:19:17] "GET /gorgeous/eth/check/?csrfmiddlewaretoken=5lWDObCCvQN3vQOoBAATKBc7IvImgYZAwcC259ncVUzhCyzG83EbbgnymEEBYVLc HTTP/1.0" 200 242
[12/Jul/2018 16:19:18] "GET /gorgeous/sysecurity/ HTTP/1.0" 200 8900
[12/Jul/2018 16:19:19] "GET /gorgeous/sysecurity/check/?csrfmiddlewaretoken=fMRXkf2w91KBIG3Ypp9XSBW2GooivvqhGDxmBdN6z5wPPoOgWSdfjg7tkxkxdscT HTTP/1.0" 200 52
[12/Jul/2018 16:20:18] "GET /gorgeous/eth/check/?csrfmiddlewaretoken=5lWDObCCvQN3vQOoBAATKBc7IvImgYZAwcC259ncVUzhCyzG83EbbgnymEEBYVLc HTTP/1.0" 302 0
[12/Jul/2018 16:20:21] "GET /gorgeous/sysecurity/check/?csrfmiddlewaretoken=fMRXkf2w91KBIG3Ypp9XSBW2GooivvqhGDxmBdN6z5wPPoOgWSdfjg7tkxkxdscT HTTP/1.0" 302 0
[12/Jul/2018 16:30:52] "GET /gorgeous/ HTTP/1.0" 302 0
[12/Jul/2018 16:30:52] "GET /gorgeous/login/?next=/gorgeous/ HTTP/1.0" 200 3055
[12/Jul/2018 16:30:54] "POST /gorgeous/login/?next= HTTP/1.0" 200 3079
[12/Jul/2018 16:30:57] "POST /gorgeous/login/?next= HTTP/1.0" 200 3079
[12/Jul/2018 16:31:13] "POST /gorgeous/login/?next= HTTP/1.0" 302 0
[12/Jul/2018 16:31:13] "GET /gorgeous/ HTTP/1.0" 200 27565
[12/Jul/2018 17:10:26] "GET /gorgeous/servicelist/ HTTP/1.0" 302 0
[12/Jul/2018 17:10:26] "GET /gorgeous/login/?next=/gorgeous/servicelist/ HTTP/1.0" 200 3055
[12/Jul/2018 17:10:34] "POST /gorgeous/login/?next= HTTP/1.0" 200 3079
[12/Jul/2018 17:10:41] "POST /gorgeous/login/?next= HTTP/1.0" 302 0
[12/Jul/2018 17:10:41] "GET /gorgeous/ HTTP/1.0" 200 27565
[12/Jul/2018 17:11:06] "GET /gorgeous/servicelist/ HTTP/1.0" 200 456183
[12/Jul/2018 17:11:28] "GET /gorgeous/login/?next=/gorgeous/servicelist HTTP/1.0" 200 3055
